Using CATALINA_OPTS: -Xmx2048m -Xms1024m -Xms512M -Xmx4096M -Xss512k -server -Dfile.encoding=utf-8 -Djava.security.egd=file:/dev/./urandom -Dc2id.endpoint=http://127.0.0.1:8080/c2id -Dc2id.ldapAuth.endpoint=http://127.0.0.1:8080/ldapauth/
Using JAVA_OPTS: -Dlog4j2.formatMsgNoLookups=true -Dop.reg.allowLocalhostRedirectionURIsForTest=true -Dop.reg.rejectNonTLSRedirectionURIs=false -Dop.reg.enableOpenRegistration=true -Dop.issuer=http://localhost:8080/c2id
11-Jun-2025 03:26:58.380 INFO [main] org.apache.catalina.startup.VersionLoggerListener.log Server version name:   Apache Tomcat/10.1.41
11-Jun-2025 03:26:58.386 INFO [main] org.apache.catalina.startup.VersionLoggerListener.log Server built:          May 8 2025 12:44:02 UTC
11-Jun-2025 03:26:58.386 INFO [main] org.apache.catalina.startup.VersionLoggerListener.log Server version number: 10.1.41.0
11-Jun-2025 03:26:58.386 INFO [main] org.apache.catalina.startup.VersionLoggerListener.log OS Name:               Linux
11-Jun-2025 03:26:58.387 INFO [main] org.apache.catalina.startup.VersionLoggerListener.log OS Version:            5.15.0-1034-gcp
11-Jun-2025 03:26:58.387 INFO [main] org.apache.catalina.startup.VersionLoggerListener.log Architecture:          amd64
11-Jun-2025 03:26:58.387 INFO [main] org.apache.catalina.startup.VersionLoggerListener.log Java Home:             /usr/lib/jvm/java-17-amazon-corretto
11-Jun-2025 03:26:58.387 INFO [main] org.apache.catalina.startup.VersionLoggerListener.log JVM Version:           17.0.15+6-LTS
11-Jun-2025 03:26:58.388 INFO [main] org.apache.catalina.startup.VersionLoggerListener.log JVM Vendor:            Amazon.com Inc.
11-Jun-2025 03:26:58.388 INFO [main] org.apache.catalina.startup.VersionLoggerListener.log CATALINA_BASE:         /c2id-server/tomcat
11-Jun-2025 03:26:58.388 INFO [main] org.apache.catalina.startup.VersionLoggerListener.log CATALINA_HOME:         /c2id-server/tomcat
11-Jun-2025 03:26:58.390 INFO [main] org.apache.catalina.core.AprLifecycleListener.lifecycleEvent The Apache Tomcat Native library which allows using OpenSSL was not found on the java.library.path: [/usr/java/packages/lib:/usr/lib64:/lib64:/lib:/usr/lib]
11-Jun-2025 03:26:58.681 INFO [main] org.apache.coyote.AbstractProtocol.init Initializing ProtocolHandler ["http-nio-8080"]
11-Jun-2025 03:26:58.706 INFO [main] org.apache.catalina.startup.Catalina.load Server initialization in [564] milliseconds
11-Jun-2025 03:26:58.761 INFO [main] org.apache.catalina.core.StandardService.startInternal Starting service [Catalina]
11-Jun-2025 03:26:58.761 INFO [main] org.apache.catalina.core.StandardEngine.startInternal Starting Servlet engine: [Apache Tomcat/10.1.41]
11-Jun-2025 03:26:58.869 INFO [main] org.apache.tomcat.jakartaee.Migration.execute Performing migration from source [/c2id-server/tomcat/webapps-javaee/oidc-client.war] to destination [/c2id-server/tomcat/webapps-javaee/new8023248190613621295.tmp] with Jakarta EE specification profile [TOMCAT]
11-Jun-2025 03:26:58.872 INFO [main] org.apache.tomcat.jakartaee.Migration.migrateStream Migration starting for archive [/c2id-server/tomcat/webapps-javaee/oidc-client.war] using streaming
11-Jun-2025 03:26:58.951 INFO [main] org.apache.tomcat.jakartaee.Migration.migrateStream Migration starting for archive [WEB-INF/lib/lang-tag-1.6.jar] using streaming
11-Jun-2025 03:26:59.009 INFO [main] org.apache.tomcat.jakartaee.Migration.migrateStream Migration finished for archive [WEB-INF/lib/lang-tag-1.6.jar]
11-Jun-2025 03:26:59.010 INFO [main] org.apache.tomcat.jakartaee.Migration.migrateStream Migration starting for archive [WEB-INF/lib/jsoup-1.8.3.jar] using streaming
11-Jun-2025 03:26:59.233 INFO [main] org.apache.tomcat.jakartaee.Migration.migrateStream Migration finished for archive [WEB-INF/lib/jsoup-1.8.3.jar]
11-Jun-2025 03:26:59.235 INFO [main] org.apache.tomcat.jakartaee.Migration.migrateStream Migration starting for archive [WEB-INF/lib/java-property-utils-1.17.jar] using streaming
11-Jun-2025 03:26:59.245 INFO [main] org.apache.tomcat.jakartaee.Migration.migrateStream Migration finished for archive [WEB-INF/lib/java-property-utils-1.17.jar]
11-Jun-2025 03:26:59.246 INFO [main] org.apache.tomcat.jakartaee.Migration.migrateStream Migration starting for archive [WEB-INF/lib/oauth2-oidc-sdk-9.35.jar] using streaming
11-Jun-2025 03:26:59.566 INFO [main] org.apache.tomcat.jakartaee.Migration.migrateStream Migration finished for archive [WEB-INF/lib/oauth2-oidc-sdk-9.35.jar]
11-Jun-2025 03:26:59.610 INFO [main] org.apache.tomcat.jakartaee.Migration.migrateStream Migration skipped for archive [WEB-INF/lib/httpclient-4.5.13.jar] because it is excluded (the archive was copied unchanged)
11-Jun-2025 03:26:59.633 INFO [main] org.apache.tomcat.jakartaee.Migration.migrateStream Migration starting for archive [WEB-INF/lib/nimbus-jose-jwt-9.22.jar] using streaming
11-Jun-2025 03:26:59.852 INFO [main] org.apache.tomcat.jakartaee.Migration.migrateStream Migration finished for archive [WEB-INF/lib/nimbus-jose-jwt-9.22.jar]
11-Jun-2025 03:26:59.853 INFO [main] org.apache.tomcat.jakartaee.Migration.migrateStream Migration starting for archive [WEB-INF/lib/json-smart-2.4.8.jar] using streaming
11-Jun-2025 03:26:59.891 INFO [main] org.apache.tomcat.jakartaee.Migration.migrateStream Migration finished for archive [WEB-INF/lib/json-smart-2.4.8.jar]
11-Jun-2025 03:26:59.892 INFO [main] org.apache.tomcat.jakartaee.Migration.migrateStream Migration starting for archive [WEB-INF/lib/commons-lang3-3.12.0.jar] using streaming
11-Jun-2025 03:27:00.081 INFO [main] org.apache.tomcat.jakartaee.Migration.migrateStream Migration finished for archive [WEB-INF/lib/commons-lang3-3.12.0.jar]
11-Jun-2025 03:27:00.082 INFO [main] org.apache.tomcat.jakartaee.Migration.migrateStream Migration starting for archive [WEB-INF/lib/accessors-smart-2.4.8.jar] using streaming
11-Jun-2025 03:27:00.092 INFO [main] org.apache.tomcat.jakartaee.Migration.migrateStream Migration finished for archive [WEB-INF/lib/accessors-smart-2.4.8.jar]
11-Jun-2025 03:27:00.093 INFO [main] org.apache.tomcat.jakartaee.Migration.migrateStream Migration starting for archive [WEB-INF/lib/metrics-jmx-4.1.29.jar] using streaming
11-Jun-2025 03:27:00.102 INFO [main] org.apache.tomcat.jakartaee.Migration.migrateStream Migration finished for archive [WEB-INF/lib/metrics-jmx-4.1.29.jar]
11-Jun-2025 03:27:00.102 INFO [main] org.apache.tomcat.jakartaee.Migration.migrateStream Migration starting for archive [WEB-INF/lib/vaadin-slf4j-jdk14-1.6.1.jar] using streaming
11-Jun-2025 03:27:00.117 INFO [main] org.apache.tomcat.jakartaee.Migration.migrateStream Migration finished for archive [WEB-INF/lib/vaadin-slf4j-jdk14-1.6.1.jar]
11-Jun-2025 03:27:00.118 INFO [main] org.apache.tomcat.jakartaee.Migration.migrateStream Migration starting for archive [WEB-INF/lib/commons-logging-1.2.jar] using streaming
11-Jun-2025 03:27:00.139 INFO [main] org.apache.tomcat.jakartaee.Migration.migrateStream Migration finished for archive [WEB-INF/lib/commons-logging-1.2.jar]
11-Jun-2025 03:27:00.140 INFO [main] org.apache.tomcat.jakartaee.Migration.migrateStream Migration starting for archive [WEB-INF/lib/atmosphere-runtime-2.2.13.vaadin1.jar] using streaming
11-Jun-2025 03:27:00.462 INFO [main] org.apache.tomcat.jakartaee.Migration.migrateStream Migration finished for archive [WEB-INF/lib/atmosphere-runtime-2.2.13.vaadin1.jar]
11-Jun-2025 03:27:00.463 INFO [main] org.apache.tomcat.jakartaee.Migration.migrateStream Migration starting for archive [WEB-INF/lib/vaadin-sass-compiler-0.9.13.jar] using streaming
11-Jun-2025 03:27:00.617 INFO [main] org.apache.tomcat.jakartaee.Migration.migrateStream Migration finished for archive [WEB-INF/lib/vaadin-sass-compiler-0.9.13.jar]
11-Jun-2025 03:27:00.620 INFO [main] org.apache.tomcat.jakartaee.Migration.migrateStream Migration skipped for archive [WEB-INF/lib/slf4j-api-1.7.32.jar] because it is excluded (the archive was copied unchanged)
11-Jun-2025 03:27:00.627 INFO [main] org.apache.tomcat.jakartaee.Migration.migrateStream Migration skipped for archive [WEB-INF/lib/asm-9.1.jar] because it is excluded (the archive was copied unchanged)
11-Jun-2025 03:27:00.627 INFO [main] org.apache.tomcat.jakartaee.Migration.migrateStream Migration starting for archive [WEB-INF/lib/fluent-hc-4.5.13.jar] using streaming
11-Jun-2025 03:27:00.638 INFO [main] org.apache.tomcat.jakartaee.Migration.migrateStream Migration finished for archive [WEB-INF/lib/fluent-hc-4.5.13.jar]
11-Jun-2025 03:27:00.638 INFO [main] org.apache.tomcat.jakartaee.Migration.migrateStream Migration starting for archive [WEB-INF/lib/metrics-core-4.1.29.jar] using streaming
11-Jun-2025 03:27:00.677 INFO [main] org.apache.tomcat.jakartaee.Migration.migrateStream Migration finished for archive [WEB-INF/lib/metrics-core-4.1.29.jar]
11-Jun-2025 03:27:00.678 INFO [main] org.apache.tomcat.jakartaee.Migration.migrateStream Migration starting for archive [WEB-INF/lib/pretty-json-1.4.3.jar] using streaming
11-Jun-2025 03:27:00.706 INFO [main] org.apache.tomcat.jakartaee.Migration.migrateStream Migration finished for archive [WEB-INF/lib/pretty-json-1.4.3.jar]
11-Jun-2025 03:27:00.724 INFO [main] org.apache.tomcat.jakartaee.Migration.migrateStream Migration skipped for archive [WEB-INF/lib/httpcore-4.4.13.jar] because it is excluded (the archive was copied unchanged)
11-Jun-2025 03:27:00.724 INFO [main] org.apache.tomcat.jakartaee.Migration.migrateStream Migration starting for archive [WEB-INF/lib/vaadin-push-7.7.17.jar] using streaming
11-Jun-2025 03:27:00.739 INFO [main] org.apache.tomcat.jakartaee.Migration.migrateStream Migration finished for archive [WEB-INF/lib/vaadin-push-7.7.17.jar]
11-Jun-2025 03:27:00.739 INFO [main] org.apache.tomcat.jakartaee.Migration.migrateStream Migration starting for archive [WEB-INF/lib/commons-text-1.9.jar] using streaming
11-Jun-2025 03:27:00.804 INFO [main] org.apache.tomcat.jakartaee.Migration.migrateStream Migration finished for archive [WEB-INF/lib/commons-text-1.9.jar]
11-Jun-2025 03:27:00.804 INFO [main] org.apache.tomcat.jakartaee.Migration.migrateStream Migration starting for archive [WEB-INF/lib/flute-1.3.0.gg2.jar] using streaming
11-Jun-2025 03:27:00.826 INFO [main] org.apache.tomcat.jakartaee.Migration.migrateStream Migration finished for archive [WEB-INF/lib/flute-1.3.0.gg2.jar]
11-Jun-2025 03:27:00.843 INFO [main] org.apache.tomcat.jakartaee.Migration.migrateStream Migration skipped for archive [WEB-INF/lib/commons-codec-1.15.jar] because it is excluded (the archive was copied unchanged)
11-Jun-2025 03:27:00.849 INFO [main] org.apache.tomcat.jakartaee.Migration.migrateStream Migration starting for archive [WEB-INF/lib/log4j-web-2.17.2.jar] using streaming
11-Jun-2025 03:27:00.864 INFO [main] org.apache.tomcat.jakartaee.Migration.migrateStream Migration finished for archive [WEB-INF/lib/log4j-web-2.17.2.jar]
11-Jun-2025 03:27:00.865 INFO [main] org.apache.tomcat.jakartaee.Migration.migrateStream Migration starting for archive [WEB-INF/lib/vaadin-shared-7.7.17.jar] using streaming
11-Jun-2025 03:27:00.989 INFO [main] org.apache.tomcat.jakartaee.Migration.migrateStream Migration finished for archive [WEB-INF/lib/vaadin-shared-7.7.17.jar]
11-Jun-2025 03:27:00.990 INFO [main] org.apache.tomcat.jakartaee.Migration.migrateStream Migration starting for archive [WEB-INF/lib/content-type-2.2.jar] using streaming
11-Jun-2025 03:27:00.994 INFO [main] org.apache.tomcat.jakartaee.Migration.migrateStream Migration finished for archive [WEB-INF/lib/content-type-2.2.jar]
11-Jun-2025 03:27:00.994 INFO [main] org.apache.tomcat.jakartaee.Migration.migrateStream Migration starting for archive [WEB-INF/lib/log4j-core-2.17.2.jar] using streaming
11-Jun-2025 03:27:01.528 INFO [main] org.apache.tomcat.jakartaee.Migration.migrateStream Migration finished for archive [WEB-INF/lib/log4j-core-2.17.2.jar]
11-Jun-2025 03:27:01.529 INFO [main] org.apache.tomcat.jakartaee.Migration.migrateStream Migration starting for archive [WEB-INF/lib/vaadin-server-7.7.17.jar] using streaming
11-Jun-2025 03:27:02.259 INFO [main] org.apache.tomcat.jakartaee.Migration.migrateStream Migration finished for archive [WEB-INF/lib/vaadin-server-7.7.17.jar]
11-Jun-2025 03:27:02.260 INFO [main] org.apache.tomcat.jakartaee.Migration.migrateStream Migration starting for archive [WEB-INF/lib/vaadin-client-compiled-7.7.17.jar] using streaming
11-Jun-2025 03:27:02.413 INFO [main] org.apache.tomcat.jakartaee.Migration.migrateStream Migration finished for archive [WEB-INF/lib/vaadin-client-compiled-7.7.17.jar]
11-Jun-2025 03:27:02.414 INFO [main] org.apache.tomcat.jakartaee.Migration.migrateStream Migration starting for archive [WEB-INF/lib/sac-1.3.jar] using streaming
11-Jun-2025 03:27:02.419 INFO [main] org.apache.tomcat.jakartaee.Migration.migrateStream Migration finished for archive [WEB-INF/lib/sac-1.3.jar]
11-Jun-2025 03:27:02.419 INFO [main] org.apache.tomcat.jakartaee.Migration.migrateStream Migration starting for archive [WEB-INF/lib/common-2.48.jar] using streaming
11-Jun-2025 03:27:02.460 INFO [main] org.apache.tomcat.jakartaee.Migration.migrateStream Migration finished for archive [WEB-INF/lib/common-2.48.jar]
11-Jun-2025 03:27:02.461 INFO [main] org.apache.tomcat.jakartaee.Migration.migrateStream Migration starting for archive [WEB-INF/lib/jcip-annotations-1.0-1.jar] using streaming
11-Jun-2025 03:27:02.463 INFO [main] org.apache.tomcat.jakartaee.Migration.migrateStream Migration finished for archive [WEB-INF/lib/jcip-annotations-1.0-1.jar]
11-Jun-2025 03:27:02.463 INFO [main] org.apache.tomcat.jakartaee.Migration.migrateStream Migration starting for archive [WEB-INF/lib/log4j-api-2.17.2.jar] using streaming
11-Jun-2025 03:27:02.546 INFO [main] org.apache.tomcat.jakartaee.Migration.migrateStream Migration finished for archive [WEB-INF/lib/log4j-api-2.17.2.jar]
11-Jun-2025 03:27:02.546 INFO [main] org.apache.tomcat.jakartaee.Migration.migrateStream Migration starting for archive [WEB-INF/lib/vaadin-themes-7.7.17.jar] using streaming
11-Jun-2025 03:27:03.528 INFO [main] org.apache.tomcat.jakartaee.Migration.migrateStream Migration finished for archive [WEB-INF/lib/vaadin-themes-7.7.17.jar]
11-Jun-2025 03:27:03.537 INFO [main] org.apache.tomcat.jakartaee.Migration.migrateStream Migration finished for archive [/c2id-server/tomcat/webapps-javaee/oidc-client.war]
11-Jun-2025 03:27:03.538 INFO [main] org.apache.tomcat.jakartaee.Migration.execute Migration completed successfully in [4,665] milliseconds
11-Jun-2025 03:27:03.541 INFO [main] org.apache.tomcat.jakartaee.Migration.execute Performing migration from source [/c2id-server/tomcat/webapps-javaee/c2id-login.war] to destination [/c2id-server/tomcat/webapps-javaee/new17529873778764077621.tmp] with Jakarta EE specification profile [TOMCAT]
11-Jun-2025 03:27:03.542 INFO [main] org.apache.tomcat.jakartaee.Migration.migrateStream Migration starting for archive [/c2id-server/tomcat/webapps-javaee/c2id-login.war] using streaming
11-Jun-2025 03:27:03.582 INFO [main] org.apache.tomcat.jakartaee.Migration.migrateStream Migration skipped for archive [WEB-INF/lib/httpclient-4.5.13.jar] because it is excluded (the archive was copied unchanged)
11-Jun-2025 03:27:03.583 INFO [main] org.apache.tomcat.jakartaee.Migration.migrateStream Migration starting for archive [WEB-INF/lib/jetty-servlet-9.4.42.v20210604.jar] using streaming
11-Jun-2025 03:27:03.637 INFO [main] org.apache.tomcat.jakartaee.Migration.migrateStream Migration finished for archive [WEB-INF/lib/jetty-servlet-9.4.42.v20210604.jar]
11-Jun-2025 03:27:03.637 INFO [main] org.apache.tomcat.jakartaee.Migration.migrateStream Migration starting for archive [WEB-INF/lib/spring-boot-2.5.2.jar] using streaming
11-Jun-2025 03:27:03.983 INFO [main] org.apache.tomcat.jakartaee.Migration.migrateStream Migration finished for archive [WEB-INF/lib/spring-boot-2.5.2.jar]
11-Jun-2025 03:27:03.984 INFO [main] org.apache.tomcat.jakartaee.Migration.migrateStream Migration starting for archive [WEB-INF/lib/jakarta.annotation-api-1.3.5.jar] using streaming
11-Jun-2025 03:27:03.991 INFO [main] org.apache.tomcat.jakartaee.Migration.migrateStream Migration finished for archive [WEB-INF/lib/jakarta.annotation-api-1.3.5.jar]
11-Jun-2025 03:27:03.992 INFO [main] org.apache.tomcat.jakartaee.Migration.migrateStream Migration starting for archive [WEB-INF/lib/jackson-datatype-jsr310-2.12.3.jar] using streaming
11-Jun-2025 03:27:04.025 INFO [main] org.apache.tomcat.jakartaee.Migration.migrateStream Migration finished for archive [WEB-INF/lib/jackson-datatype-jsr310-2.12.3.jar]
11-Jun-2025 03:27:04.026 INFO [main] org.apache.tomcat.jakartaee.Migration.migrateStream Migration starting for archive [WEB-INF/lib/spring-context-5.3.8.jar] using streaming
11-Jun-2025 03:27:04.329 INFO [main] org.apache.tomcat.jakartaee.Migration.migrateStream Migration finished for archive [WEB-INF/lib/spring-context-5.3.8.jar]
11-Jun-2025 03:27:04.329 INFO [main] org.apache.tomcat.jakartaee.Migration.migrateStream Migration starting for archive [WEB-INF/lib/spring-webmvc-5.3.8.jar] using streaming
11-Jun-2025 03:27:04.726 INFO [main] org.apache.tomcat.jakartaee.Migration.migrateStream Migration finished for archive [WEB-INF/lib/spring-webmvc-5.3.8.jar]
11-Jun-2025 03:27:04.726 INFO [main] org.apache.tomcat.jakartaee.Migration.migrateStream Migration starting for archive [WEB-INF/lib/javax.servlet-api-4.0.1.jar] using streaming
11-Jun-2025 03:27:04.763 INFO [main] org.apache.tomcat.jakartaee.Migration.migrateStream Migration finished for archive [WEB-INF/lib/javax.servlet-api-4.0.1.jar]
11-Jun-2025 03:27:04.783 INFO [main] org.apache.tomcat.jakartaee.Migration.migrateStream Migration skipped for archive [WEB-INF/lib/jackson-core-2.12.3.jar] because it is excluded (the archive was copied unchanged)
11-Jun-2025 03:27:04.784 INFO [main] org.apache.tomcat.jakartaee.Migration.migrateStream Migration starting for archive [WEB-INF/lib/spring-boot-autoconfigure-2.5.2.jar] using streaming
11-Jun-2025 03:27:05.175 INFO [main] org.apache.tomcat.jakartaee.Migration.migrateStream Migration finished for archive [WEB-INF/lib/spring-boot-autoconfigure-2.5.2.jar]
11-Jun-2025 03:27:05.176 INFO [main] org.apache.tomcat.jakartaee.Migration.migrateStream Migration starting for archive [WEB-INF/lib/tomcat-embed-el-9.0.48.jar] using streaming
11-Jun-2025 03:27:05.279 INFO [main] org.apache.tomcat.jakartaee.Migration.migrateStream Migration finished for archive [WEB-INF/lib/tomcat-embed-el-9.0.48.jar]
11-Jun-2025 03:27:05.282 INFO [main] org.apache.tomcat.jakartaee.Migration.migrateStream Migration skipped for archive [WEB-INF/lib/slf4j-api-1.7.31.jar] because it is excluded (the archive was copied unchanged)
11-Jun-2025 03:27:05.282 INFO [main] org.apache.tomcat.jakartaee.Migration.migrateStream Migration starting for archive [WEB-INF/lib/spring-web-5.3.8.jar] using streaming
11-Jun-2025 03:27:05.676 INFO [main] org.apache.tomcat.jakartaee.Migration.migrateStream Migration finished for archive [WEB-INF/lib/spring-web-5.3.8.jar]
11-Jun-2025 03:27:05.677 INFO [main] org.apache.tomcat.jakartaee.Migration.migrateStream Migration starting for archive [WEB-INF/lib/commons-logging-1.2.jar] using streaming
11-Jun-2025 03:27:05.691 INFO [main] org.apache.tomcat.jakartaee.Migration.migrateStream Migration finished for archive [WEB-INF/lib/commons-logging-1.2.jar]
11-Jun-2025 03:27:05.692 INFO [main] org.apache.tomcat.jakartaee.Migration.migrateStream Migration starting for archive [WEB-INF/lib/jetty-io-9.4.42.v20210604.jar] using streaming
11-Jun-2025 03:27:05.731 INFO [main] org.apache.tomcat.jakartaee.Migration.migrateStream Migration finished for archive [WEB-INF/lib/jetty-io-9.4.42.v20210604.jar]
11-Jun-2025 03:27:05.731 INFO [main] org.apache.tomcat.jakartaee.Migration.migrateStream Migration starting for archive [WEB-INF/lib/log4j-core-2.17.1.jar] using streaming
11-Jun-2025 03:27:06.133 INFO [main] org.apache.tomcat.jakartaee.Migration.migrateStream Migration finished for archive [WEB-INF/lib/log4j-core-2.17.1.jar]
11-Jun-2025 03:27:06.134 INFO [main] org.apache.tomcat.jakartaee.Migration.migrateStream Migration starting for archive [WEB-INF/lib/spring-boot-starter-web-2.5.2.jar] using streaming
11-Jun-2025 03:27:06.136 INFO [main] org.apache.tomcat.jakartaee.Migration.migrateStream Migration finished for archive [WEB-INF/lib/spring-boot-starter-web-2.5.2.jar]
11-Jun-2025 03:27:06.136 INFO [main] org.apache.tomcat.jakartaee.Migration.migrateStream Migration starting for archive [WEB-INF/lib/spring-beans-5.3.8.jar] using streaming
11-Jun-2025 03:27:06.296 INFO [main] org.apache.tomcat.jakartaee.Migration.migrateStream Migration finished for archive [WEB-INF/lib/spring-beans-5.3.8.jar]
11-Jun-2025 03:27:06.300 INFO [main] org.apache.tomcat.jakartaee.Migration.migrateStream Migration skipped for archive [WEB-INF/lib/jackson-annotations-2.12.3.jar] because it is excluded (the archive was copied unchanged)
11-Jun-2025 03:27:06.300 INFO [main] org.apache.tomcat.jakartaee.Migration.migrateStream Migration starting for archive [WEB-INF/lib/jetty-webapp-9.4.42.v20210604.jar] using streaming
11-Jun-2025 03:27:06.341 INFO [main] org.apache.tomcat.jakartaee.Migration.migrateStream Migration finished for archive [WEB-INF/lib/jetty-webapp-9.4.42.v20210604.jar]
11-Jun-2025 03:27:06.361 INFO [main] org.apache.tomcat.jakartaee.Migration.migrateStream Migration skipped for archive [WEB-INF/lib/spring-aop-5.3.8.jar] because it is excluded (the archive was copied unchanged)
11-Jun-2025 03:27:06.379 INFO [main] org.apache.tomcat.jakartaee.Migration.migrateStream Migration skipped for archive [WEB-INF/lib/httpcore-4.4.14.jar] because it is excluded (the archive was copied unchanged)
11-Jun-2025 03:27:06.379 INFO [main] org.apache.tomcat.jakartaee.Migration.migrateStream Migration starting for archive [WEB-INF/lib/spring-core-5.3.8.jar] using streaming
11-Jun-2025 03:27:06.700 INFO [main] org.apache.tomcat.jakartaee.Migration.migrateStream Migration finished for archive [WEB-INF/lib/spring-core-5.3.8.jar]
11-Jun-2025 03:27:06.701 INFO [main] org.apache.tomcat.jakartaee.Migration.migrateStream Migration starting for archive [WEB-INF/lib/logback-core-1.2.3.jar] using streaming
11-Jun-2025 03:27:06.810 INFO [main] org.apache.tomcat.jakartaee.Migration.migrateStream Migration finished for archive [WEB-INF/lib/logback-core-1.2.3.jar]
11-Jun-2025 03:27:06.811 INFO [main] org.apache.tomcat.jakartaee.Migration.migrateStream Migration starting for archive [WEB-INF/lib/fluent-hc-4.5.13.jar] using streaming
11-Jun-2025 03:27:06.818 INFO [main] org.apache.tomcat.jakartaee.Migration.migrateStream Migration finished for archive [WEB-INF/lib/fluent-hc-4.5.13.jar]
11-Jun-2025 03:27:06.818 INFO [main] org.apache.tomcat.jakartaee.Migration.migrateStream Migration starting for archive [WEB-INF/lib/snakeyaml-1.28.jar] using streaming
11-Jun-2025 03:27:06.889 INFO [main] org.apache.tomcat.jakartaee.Migration.migrateStream Migration finished for archive [WEB-INF/lib/snakeyaml-1.28.jar]
11-Jun-2025 03:27:06.890 INFO [main] org.apache.tomcat.jakartaee.Migration.migrateStream Migration starting for archive [WEB-INF/lib/spring-boot-starter-2.5.2.jar] using streaming
11-Jun-2025 03:27:06.891 INFO [main] org.apache.tomcat.jakartaee.Migration.migrateStream Migration finished for archive [WEB-INF/lib/spring-boot-starter-2.5.2.jar]
11-Jun-2025 03:27:06.891 INFO [main] org.apache.tomcat.jakartaee.Migration.migrateStream Migration starting for archive [WEB-INF/lib/jetty-security-9.4.42.v20210604.jar] using streaming
11-Jun-2025 03:27:06.929 INFO [main] org.apache.tomcat.jakartaee.Migration.migrateStream Migration finished for archive [WEB-INF/lib/jetty-security-9.4.42.v20210604.jar]
11-Jun-2025 03:27:06.929 INFO [main] org.apache.tomcat.jakartaee.Migration.migrateStream Migration starting for archive [WEB-INF/lib/jetty-server-9.4.42.v20210604.jar] using streaming
11-Jun-2025 03:27:07.142 INFO [main] org.apache.tomcat.jakartaee.Migration.migrateStream Migration finished for archive [WEB-INF/lib/jetty-server-9.4.42.v20210604.jar]
11-Jun-2025 03:27:07.143 INFO [main] org.apache.tomcat.jakartaee.Migration.migrateStream Migration skipped for archive [WEB-INF/lib/log4j-to-slf4j-2.17.1.jar] because it is excluded (the archive was copied unchanged)
11-Jun-2025 03:27:07.144 INFO [main] org.apache.tomcat.jakartaee.Migration.migrateStream Migration starting for archive [WEB-INF/lib/jackson-module-parameter-names-2.12.3.jar] using streaming
11-Jun-2025 03:27:07.147 INFO [main] org.apache.tomcat.jakartaee.Migration.migrateStream Migration finished for archive [WEB-INF/lib/jackson-module-parameter-names-2.12.3.jar]
11-Jun-2025 03:27:07.147 INFO [main] org.apache.tomcat.jakartaee.Migration.migrateStream Migration starting for archive [WEB-INF/lib/jakarta.servlet-api-4.0.4.jar] using streaming
11-Jun-2025 03:27:07.175 INFO [main] org.apache.tomcat.jakartaee.Migration.migrateStream Migration finished for archive [WEB-INF/lib/jakarta.servlet-api-4.0.4.jar]
11-Jun-2025 03:27:07.176 INFO [main] org.apache.tomcat.jakartaee.Migration.migrateStream Migration starting for archive [WEB-INF/lib/spring-boot-starter-jetty-2.5.2.jar] using streaming
11-Jun-2025 03:27:07.178 INFO [main] org.apache.tomcat.jakartaee.Migration.migrateStream Migration finished for archive [WEB-INF/lib/spring-boot-starter-jetty-2.5.2.jar]
11-Jun-2025 03:27:07.178 INFO [main] org.apache.tomcat.jakartaee.Migration.migrateStream Migration starting for archive [WEB-INF/lib/spring-jcl-5.3.8.jar] using streaming
11-Jun-2025 03:27:07.184 INFO [main] org.apache.tomcat.jakartaee.Migration.migrateStream Migration finished for archive [WEB-INF/lib/spring-jcl-5.3.8.jar]
11-Jun-2025 03:27:07.184 INFO [main] org.apache.tomcat.jakartaee.Migration.migrateStream Migration skipped for archive [WEB-INF/lib/jul-to-slf4j-1.7.31.jar] because it is excluded (the archive was copied unchanged)
11-Jun-2025 03:27:07.185 INFO [main] org.apache.tomcat.jakartaee.Migration.migrateStream Migration starting for archive [WEB-INF/lib/jetty-servlets-9.4.42.v20210604.jar] using streaming
11-Jun-2025 03:27:07.219 INFO [main] org.apache.tomcat.jakartaee.Migration.migrateStream Migration finished for archive [WEB-INF/lib/jetty-servlets-9.4.42.v20210604.jar]
11-Jun-2025 03:27:07.234 INFO [main] org.apache.tomcat.jakartaee.Migration.migrateStream Migration skipped for archive [WEB-INF/lib/spring-expression-5.3.8.jar] because it is excluded (the archive was copied unchanged)
11-Jun-2025 03:27:07.234 INFO [main] org.apache.tomcat.jakartaee.Migration.migrateStream Migration starting for archive [WEB-INF/lib/jetty-http-9.4.42.v20210604.jar] using streaming
11-Jun-2025 03:27:07.287 INFO [main] org.apache.tomcat.jakartaee.Migration.migrateStream Migration finished for archive [WEB-INF/lib/jetty-http-9.4.42.v20210604.jar]
11-Jun-2025 03:27:07.287 INFO [main] org.apache.tomcat.jakartaee.Migration.migrateStream Migration starting for archive [WEB-INF/lib/jetty-util-ajax-9.4.42.v20210604.jar] using streaming
11-Jun-2025 03:27:07.301 INFO [main] org.apache.tomcat.jakartaee.Migration.migrateStream Migration finished for archive [WEB-INF/lib/jetty-util-ajax-9.4.42.v20210604.jar]
11-Jun-2025 03:27:07.302 INFO [main] org.apache.tomcat.jakartaee.Migration.migrateStream Migration starting for archive [WEB-INF/lib/spring-boot-starter-logging-2.5.2.jar] using streaming
11-Jun-2025 03:27:07.303 INFO [main] org.apache.tomcat.jakartaee.Migration.migrateStream Migration finished for archive [WEB-INF/lib/spring-boot-starter-logging-2.5.2.jar]
11-Jun-2025 03:27:07.303 INFO [main] org.apache.tomcat.jakartaee.Migration.migrateStream Migration starting for archive [WEB-INF/lib/commons-lang3-3.12.0.jar] using streaming
11-Jun-2025 03:27:07.436 INFO [main] org.apache.tomcat.jakartaee.Migration.migrateStream Migration finished for archive [WEB-INF/lib/commons-lang3-3.12.0.jar]
11-Jun-2025 03:27:07.437 INFO [main] org.apache.tomcat.jakartaee.Migration.migrateStream Migration starting for archive [WEB-INF/lib/jakarta.websocket-api-1.1.2.jar] using streaming
11-Jun-2025 03:27:07.451 INFO [main] org.apache.tomcat.jakartaee.Migration.migrateStream Migration finished for archive [WEB-INF/lib/jakarta.websocket-api-1.1.2.jar]
11-Jun-2025 03:27:07.452 INFO [main] org.apache.tomcat.jakartaee.Migration.migrateStream Migration starting for archive [WEB-INF/lib/validation-api-2.0.1.Final.jar] using streaming
11-Jun-2025 03:27:07.473 INFO [main] org.apache.tomcat.jakartaee.Migration.migrateStream Migration finished for archive [WEB-INF/lib/validation-api-2.0.1.Final.jar]
11-Jun-2025 03:27:07.474 INFO [main] org.apache.tomcat.jakartaee.Migration.migrateStream Migration starting for archive [WEB-INF/lib/jetty-continuation-9.4.42.v20210604.jar] using streaming
11-Jun-2025 03:27:07.482 INFO [main] org.apache.tomcat.jakartaee.Migration.migrateStream Migration finished for archive [WEB-INF/lib/jetty-continuation-9.4.42.v20210604.jar]
11-Jun-2025 03:27:07.482 INFO [main] org.apache.tomcat.jakartaee.Migration.migrateStream Migration starting for archive [WEB-INF/lib/logback-classic-1.2.3.jar] using streaming
11-Jun-2025 03:27:07.544 INFO [main] org.apache.tomcat.jakartaee.Migration.migrateStream Migration finished for archive [WEB-INF/lib/logback-classic-1.2.3.jar]
11-Jun-2025 03:27:07.545 INFO [main] org.apache.tomcat.jakartaee.Migration.migrateStream Migration starting for archive [WEB-INF/lib/jackson-datatype-jdk8-2.12.3.jar] using streaming
11-Jun-2025 03:27:07.553 INFO [main] org.apache.tomcat.jakartaee.Migration.migrateStream Migration finished for archive [WEB-INF/lib/jackson-datatype-jdk8-2.12.3.jar]
11-Jun-2025 03:27:07.553 INFO [main] org.apache.tomcat.jakartaee.Migration.migrateStream Migration starting for archive [WEB-INF/lib/jackson-databind-2.12.3.jar] using streaming
11-Jun-2025 03:27:07.894 INFO [main] org.apache.tomcat.jakartaee.Migration.migrateStream Migration finished for archive [WEB-INF/lib/jackson-databind-2.12.3.jar]
11-Jun-2025 03:27:07.895 INFO [main] org.apache.tomcat.jakartaee.Migration.migrateStream Migration starting for archive [WEB-INF/lib/jetty-util-9.4.42.v20210604.jar] using streaming
11-Jun-2025 03:27:08.027 INFO [main] org.apache.tomcat.jakartaee.Migration.migrateStream Migration finished for archive [WEB-INF/lib/jetty-util-9.4.42.v20210604.jar]
11-Jun-2025 03:27:08.027 INFO [main] org.apache.tomcat.jakartaee.Migration.migrateStream Migration starting for archive [WEB-INF/lib/spring-boot-starter-json-2.5.2.jar] using streaming
11-Jun-2025 03:27:08.029 INFO [main] org.apache.tomcat.jakartaee.Migration.migrateStream Migration finished for archive [WEB-INF/lib/spring-boot-starter-json-2.5.2.jar]
11-Jun-2025 03:27:08.048 INFO [main] org.apache.tomcat.jakartaee.Migration.migrateStream Migration skipped for archive [WEB-INF/lib/commons-codec-1.15.jar] because it is excluded (the archive was copied unchanged)
11-Jun-2025 03:27:08.049 INFO [main] org.apache.tomcat.jakartaee.Migration.migrateStream Migration starting for archive [WEB-INF/lib/log4j-api-2.17.1.jar] using streaming
11-Jun-2025 03:27:08.124 INFO [main] org.apache.tomcat.jakartaee.Migration.migrateStream Migration finished for archive [WEB-INF/lib/log4j-api-2.17.1.jar]
11-Jun-2025 03:27:08.124 INFO [main] org.apache.tomcat.jakartaee.Migration.migrateStream Migration starting for archive [WEB-INF/lib/jetty-xml-9.4.42.v20210604.jar] using streaming
11-Jun-2025 03:27:08.140 INFO [main] org.apache.tomcat.jakartaee.Migration.migrateStream Migration finished for archive [WEB-INF/lib/jetty-xml-9.4.42.v20210604.jar]
11-Jun-2025 03:27:08.406 INFO [main] org.apache.tomcat.jakartaee.Migration.migrateStream Migration finished for archive [/c2id-server/tomcat/webapps-javaee/c2id-login.war]
11-Jun-2025 03:27:08.406 INFO [main] org.apache.tomcat.jakartaee.Migration.execute Migration completed successfully in [4,864] milliseconds
11-Jun-2025 03:27:08.415 INFO [main] org.apache.catalina.startup.HostConfig.deployWAR Deploying web application archive [/c2id-server/tomcat/webapps/c2id.war]
11-Jun-2025 03:27:15.571 INFO [main] org.apache.jasper.servlet.TldScanner.scanJars At least one JAR was scanned for TLDs yet contained no TLDs. Enable debug logging for this logger for a complete list of JARs that were scanned but no TLDs were found in them. Skipping unneeded JARs during scanning can improve startup time and JSP compilation time.
11-Jun-2025 03:27:23.089 WARNING [main] org.glassfish.jersey.message.internal.MessagingBinders$EnabledProvidersBinder.bindToBinder A class jakarta.activation.DataSource for a default provider MessageBodyWriter<jakarta.activation.DataSource> was not found. The provider is not available.
11-Jun-2025 03:27:23.118 WARNING [main] org.glassfish.jersey.server.wadl.WadlFeature.configure JAX-B API not found . WADL feature is disabled.
11-Jun-2025 03:27:23.228 WARNING [main] org.glassfish.jersey.internal.inject.Providers.checkProviderRuntime A provider com.nimbusds.openid.connect.provider.sts.STSEndpoint registered in SERVER runtime does not implement any provider interfaces applicable in the SERVER runtime. Due to constraint configuration problems the provider com.nimbusds.openid.connect.provider.sts.STSEndpoint will be ignored. 
11-Jun-2025 03:27:23.404 WARNING [main] org.glassfish.jersey.server.wadl.WadlFeature.configure JAX-B API not found . WADL feature is disabled.
11-Jun-2025 03:27:23.413 WARNING [main] org.glassfish.jersey.internal.inject.Providers.checkProviderRuntime A provider com.nimbusds.authzstore.rest.WebAPI registered in SERVER runtime does not implement any provider interfaces applicable in the SERVER runtime. Due to constraint configuration problems the provider com.nimbusds.authzstore.rest.WebAPI will be ignored. 
11-Jun-2025 03:27:23.488 WARNING [main] org.glassfish.jersey.server.wadl.WadlFeature.configure JAX-B API not found . WADL feature is disabled.
11-Jun-2025 03:27:23.491 WARNING [main] org.glassfish.jersey.internal.inject.Providers.checkProviderRuntime A provider com.nimbusds.openid.connect.provider.ciba.sessions.CIBASessionsEndpoint registered in SERVER runtime does not implement any provider interfaces applicable in the SERVER runtime. Due to constraint configuration problems the provider com.nimbusds.openid.connect.provider.ciba.sessions.CIBASessionsEndpoint will be ignored. 
11-Jun-2025 03:27:23.525 WARNING [main] org.glassfish.jersey.server.wadl.WadlFeature.configure JAX-B API not found . WADL feature is disabled.
11-Jun-2025 03:27:23.529 WARNING [main] org.glassfish.jersey.internal.inject.Providers.checkProviderRuntime A provider com.nimbusds.openid.connect.provider.checksession.CheckSessionBackendEndpoint registered in SERVER runtime does not implement any provider interfaces applicable in the SERVER runtime. Due to constraint configuration problems the provider com.nimbusds.openid.connect.provider.checksession.CheckSessionBackendEndpoint will be ignored. 
11-Jun-2025 03:27:23.574 WARNING [main] org.glassfish.jersey.server.wadl.WadlFeature.configure JAX-B API not found . WADL feature is disabled.
11-Jun-2025 03:27:23.632 WARNING [main] org.glassfish.jersey.server.wadl.WadlFeature.configure JAX-B API not found . WADL feature is disabled.
11-Jun-2025 03:27:23.638 WARNING [main] org.glassfish.jersey.internal.inject.Providers.checkProviderRuntime A provider com.nimbusds.sessionstore.rest.WebAPI registered in SERVER runtime does not implement any provider interfaces applicable in the SERVER runtime. Due to constraint configuration problems the provider com.nimbusds.sessionstore.rest.WebAPI will be ignored. 
11-Jun-2025 03:27:23.680 WARNING [main] org.glassfish.jersey.server.wadl.WadlFeature.configure JAX-B API not found . WADL feature is disabled.
11-Jun-2025 03:27:23.685 WARNING [main] org.glassfish.jersey.internal.inject.Providers.checkProviderRuntime A provider com.nimbusds.openid.connect.provider.authz.AuthorizationSessionEndpoint registered in SERVER runtime does not implement any provider interfaces applicable in the SERVER runtime. Due to constraint configuration problems the provider com.nimbusds.openid.connect.provider.authz.AuthorizationSessionEndpoint will be ignored. 
11-Jun-2025 03:27:23.711 WARNING [main] org.glassfish.jersey.server.wadl.WadlFeature.configure JAX-B API not found . WADL feature is disabled.
11-Jun-2025 03:27:23.713 WARNING [main] org.glassfish.jersey.internal.inject.Providers.checkProviderRuntime A provider com.nimbusds.openid.connect.provider.config.ConfigurationEndpoint registered in SERVER runtime does not implement any provider interfaces applicable in the SERVER runtime. Due to constraint configuration problems the provider com.nimbusds.openid.connect.provider.config.ConfigurationEndpoint will be ignored. 
11-Jun-2025 03:27:23.735 WARNING [main] org.glassfish.jersey.server.wadl.WadlFeature.configure JAX-B API not found . WADL feature is disabled.
11-Jun-2025 03:27:23.737 WARNING [main] org.glassfish.jersey.internal.inject.Providers.checkProviderRuntime A provider com.nimbusds.openid.connect.provider.authz.DirectAuthorizationEndpoint registered in SERVER runtime does not implement any provider interfaces applicable in the SERVER runtime. Due to constraint configuration problems the provider com.nimbusds.openid.connect.provider.authz.DirectAuthorizationEndpoint will be ignored. 
11-Jun-2025 03:27:23.763 WARNING [main] org.glassfish.jersey.server.wadl.WadlFeature.configure JAX-B API not found . WADL feature is disabled.
11-Jun-2025 03:27:23.766 WARNING [main] org.glassfish.jersey.internal.inject.Providers.checkProviderRuntime A provider com.nimbusds.openid.connect.provider.logout.endpoint.LogoutSessionEndpoint registered in SERVER runtime does not implement any provider interfaces applicable in the SERVER runtime. Due to constraint configuration problems the provider com.nimbusds.openid.connect.provider.logout.endpoint.LogoutSessionEndpoint will be ignored. 
11-Jun-2025 03:27:24.781 INFO [main] org.apache.catalina.startup.HostConfig.deployWAR Deployment of web application archive [/c2id-server/tomcat/webapps/c2id.war] has finished in [16,366] ms
11-Jun-2025 03:27:24.782 INFO [main] org.apache.catalina.startup.HostConfig.deployWAR Deploying web application archive [/c2id-server/tomcat/webapps/c2id-logout.war]
11-Jun-2025 03:27:24.966 INFO [main] org.apache.jasper.servlet.TldScanner.scanJars At least one JAR was scanned for TLDs yet contained no TLDs. Enable debug logging for this logger for a complete list of JARs that were scanned but no TLDs were found in them. Skipping unneeded JARs during scanning can improve startup time and JSP compilation time.
11-Jun-2025 03:27:24.981 INFO [main] org.apache.catalina.startup.HostConfig.deployWAR Deployment of web application archive [/c2id-server/tomcat/webapps/c2id-logout.war] has finished in [199] ms
11-Jun-2025 03:27:24.982 INFO [main] org.apache.catalina.startup.HostConfig.deployWAR Deploying web application archive [/c2id-server/tomcat/webapps/ldapauth.war]
11-Jun-2025 03:27:25.143 INFO [main] org.apache.jasper.servlet.TldScanner.scanJars At least one JAR was scanned for TLDs yet contained no TLDs. Enable debug logging for this logger for a complete list of JARs that were scanned but no TLDs were found in them. Skipping unneeded JARs during scanning can improve startup time and JSP compilation time.
11-Jun-2025 03:27:25.770 INFO [main] org.apache.catalina.startup.HostConfig.deployWAR Deployment of web application archive [/c2id-server/tomcat/webapps/ldapauth.war] has finished in [789] ms
11-Jun-2025 03:27:25.771 INFO [main] org.apache.catalina.startup.HostConfig.deployWAR Deploying web application archive [/c2id-server/tomcat/webapps/password-grant-handler.war]
11-Jun-2025 03:27:26.022 INFO [main] org.apache.jasper.servlet.TldScanner.scanJars At least one JAR was scanned for TLDs yet contained no TLDs. Enable debug logging for this logger for a complete list of JARs that were scanned but no TLDs were found in them. Skipping unneeded JARs during scanning can improve startup time and JSP compilation time.
11-Jun-2025 03:27:26.304 INFO [main] org.apache.catalina.startup.HostConfig.deployWAR Deployment of web application archive [/c2id-server/tomcat/webapps/password-grant-handler.war] has finished in [533] ms
11-Jun-2025 03:27:26.305 INFO [main] org.apache.catalina.startup.HostConfig.deployWAR Deploying web application archive [/c2id-server/tomcat/webapps/oidc-client.war]
Jun 11, 2025 3:27:26 AM org.apache.jasper.servlet.TldScanner scanJars
INFO: At least one JAR was scanned for TLDs yet contained no TLDs. Enable debug logging for this logger for a complete list of JARs that were scanned but no TLDs were found in them. Skipping unneeded JARs during scanning can improve startup time and JSP compilation time.
Jun 11, 2025 3:27:26 AM org.apache.catalina.core.ApplicationContext log
INFO: Initializing AtmosphereFramework
Jun 11, 2025 3:27:27 AM org.atmosphere.cpr.AtmosphereFramework addAtmosphereHandler
INFO: Installed AtmosphereHandler com.vaadin.server.communication.PushAtmosphereHandler mapped to context-path: /*
Jun 11, 2025 3:27:27 AM org.atmosphere.cpr.AtmosphereFramework addAtmosphereHandler
INFO: Installed the following AtmosphereInterceptor mapped to AtmosphereHandler com.vaadin.server.communication.PushAtmosphereHandler
Jun 11, 2025 3:27:27 AM org.atmosphere.util.IOUtils readServiceFile
INFO: META-INF/services/org.atmosphere.cpr.AtmosphereFramework not found in class loader
Jun 11, 2025 3:27:27 AM org.atmosphere.cpr.AtmosphereFramework autoConfigureService
INFO: Atmosphere is using org.atmosphere.util.VoidAnnotationProcessor for processing annotation
Jun 11, 2025 3:27:27 AM org.atmosphere.cpr.AtmosphereFramework initWebSocket
INFO: Installed WebSocketProtocol org.atmosphere.websocket.protocol.SimpleHttpProtocol 
Jun 11, 2025 3:27:27 AM org.atmosphere.container.JSR356AsyncSupport <init>
INFO: JSR 356 Mapping path /cb
Jun 11, 2025 3:27:27 AM org.atmosphere.cpr.AtmosphereFramework configureAtmosphereInterceptor
INFO: Installing Default AtmosphereInterceptors
Jun 11, 2025 3:27:27 AM org.atmosphere.cpr.AtmosphereFramework newAInterceptor
INFO: 	org.atmosphere.interceptor.CorsInterceptor : CORS Interceptor Support
Jun 11, 2025 3:27:27 AM org.atmosphere.cpr.AtmosphereFramework newAInterceptor
INFO: 	org.atmosphere.interceptor.CacheHeadersInterceptor : Default Response's Headers Interceptor
Jun 11, 2025 3:27:27 AM org.atmosphere.cpr.AtmosphereFramework newAInterceptor
INFO: 	org.atmosphere.interceptor.PaddingAtmosphereInterceptor : Browser Padding Interceptor Support
Jun 11, 2025 3:27:27 AM org.atmosphere.cpr.AtmosphereFramework newAInterceptor
INFO: 	org.atmosphere.interceptor.AndroidAtmosphereInterceptor : Android Interceptor Support
Jun 11, 2025 3:27:27 AM org.atmosphere.cpr.AtmosphereFramework configureAtmosphereInterceptor
INFO: Dropping Interceptor org.atmosphere.interceptor.HeartbeatInterceptor
Jun 11, 2025 3:27:27 AM org.atmosphere.cpr.AtmosphereFramework newAInterceptor
INFO: 	org.atmosphere.interceptor.SSEAtmosphereInterceptor : SSE Interceptor Support
Jun 11, 2025 3:27:27 AM org.atmosphere.cpr.AtmosphereFramework newAInterceptor
INFO: 	org.atmosphere.interceptor.JSONPAtmosphereInterceptor : JSONP Interceptor Support
Jun 11, 2025 3:27:27 AM org.atmosphere.cpr.AtmosphereFramework newAInterceptor
INFO: 	org.atmosphere.interceptor.JavaScriptProtocol : Atmosphere JavaScript Protocol
Jun 11, 2025 3:27:27 AM org.atmosphere.cpr.AtmosphereFramework newAInterceptor
INFO: 	org.atmosphere.interceptor.WebSocketMessageSuspendInterceptor : org.atmosphere.interceptor.WebSocketMessageSuspendInterceptor
Jun 11, 2025 3:27:27 AM org.atmosphere.cpr.AtmosphereFramework newAInterceptor
INFO: 	org.atmosphere.interceptor.OnDisconnectInterceptor : Browser disconnection detection
Jun 11, 2025 3:27:27 AM org.atmosphere.cpr.AtmosphereFramework newAInterceptor
INFO: 	org.atmosphere.interceptor.IdleResourceInterceptor : org.atmosphere.interceptor.IdleResourceInterceptor
Jun 11, 2025 3:27:27 AM org.atmosphere.cpr.AtmosphereFramework configureAtmosphereInterceptor
INFO: Set org.atmosphere.cpr.AtmosphereInterceptor.disableDefaults to disable them.
Jun 11, 2025 3:27:27 AM org.atmosphere.cpr.AtmosphereFramework info
INFO: Using EndpointMapper class org.atmosphere.util.DefaultEndpointMapper
Jun 11, 2025 3:27:27 AM org.atmosphere.cpr.AtmosphereFramework info
INFO: Using BroadcasterCache: org.atmosphere.cache.UUIDBroadcasterCache
Jun 11, 2025 3:27:27 AM org.atmosphere.cpr.AtmosphereFramework info
INFO: Default Broadcaster Class: org.atmosphere.cpr.DefaultBroadcaster
Jun 11, 2025 3:27:27 AM org.atmosphere.cpr.AtmosphereFramework info
INFO: Broadcaster Polling Wait Time 100
Jun 11, 2025 3:27:27 AM org.atmosphere.cpr.AtmosphereFramework info
INFO: Shared ExecutorService supported: true
Jun 11, 2025 3:27:27 AM org.atmosphere.cpr.AtmosphereFramework info
INFO: Messaging Thread Pool Size: Unlimited
Jun 11, 2025 3:27:27 AM org.atmosphere.cpr.AtmosphereFramework info
INFO: Async I/O Thread Pool Size: 200
Jun 11, 2025 3:27:27 AM org.atmosphere.cpr.AtmosphereFramework info
INFO: Using BroadcasterFactory: org.atmosphere.cpr.DefaultBroadcasterFactory
Jun 11, 2025 3:27:27 AM org.atmosphere.cpr.AtmosphereFramework info
INFO: Using WebSocketProcessor: org.atmosphere.websocket.DefaultWebSocketProcessor
Jun 11, 2025 3:27:27 AM org.atmosphere.cpr.AtmosphereFramework info
INFO: Invoke AtmosphereInterceptor on WebSocket message true
Jun 11, 2025 3:27:27 AM org.atmosphere.cpr.AtmosphereFramework info
INFO: HttpSession supported: true
Jun 11, 2025 3:27:27 AM org.atmosphere.cpr.AtmosphereFramework info
INFO: Atmosphere is using DefaultAtmosphereObjectFactory for dependency injection and object creation
Jun 11, 2025 3:27:27 AM org.atmosphere.cpr.AtmosphereFramework info
INFO: Atmosphere is using async support: org.atmosphere.container.JSR356AsyncSupport running under container: Apache Tomcat/10.1.41 using jakarta.servlet/3.0 and jsr356/WebSocket API
Jun 11, 2025 3:27:27 AM org.atmosphere.cpr.AtmosphereFramework info
INFO: Atmosphere Framework 2.2.13.vaadin1 started.
Jun 11, 2025 3:27:27 AM org.atmosphere.cpr.AtmosphereFramework interceptor
INFO: Installed AtmosphereInterceptor  Track Message Size Interceptor using | with priority BEFORE_DEFAULT 
Jun 11, 2025 3:27:27 AM org.atmosphere.cpr.AtmosphereFramework addAtmosphereHandler
INFO: Installed AtmosphereHandler com.vaadin.server.communication.PushAtmosphereHandler mapped to context-path: /*
Jun 11, 2025 3:27:27 AM org.atmosphere.cpr.AtmosphereFramework addAtmosphereHandler
INFO: Installed the following AtmosphereInterceptor mapped to AtmosphereHandler com.vaadin.server.communication.PushAtmosphereHandler
Jun 11, 2025 3:27:27 AM org.atmosphere.util.IOUtils readServiceFile
INFO: META-INF/services/org.atmosphere.cpr.AtmosphereFramework not found in class loader
Jun 11, 2025 3:27:27 AM org.atmosphere.cpr.AtmosphereFramework autoConfigureService
INFO: Atmosphere is using org.atmosphere.util.VoidAnnotationProcessor for processing annotation
Jun 11, 2025 3:27:27 AM org.atmosphere.cpr.AtmosphereFramework initWebSocket
INFO: Installed WebSocketProtocol org.atmosphere.websocket.protocol.SimpleHttpProtocol 
Jun 11, 2025 3:27:27 AM org.atmosphere.container.JSR356AsyncSupport <init>
INFO: JSR 356 Mapping path /{path}
Jun 11, 2025 3:27:27 AM org.atmosphere.cpr.AtmosphereFramework configureAtmosphereInterceptor
INFO: Installing Default AtmosphereInterceptors
Jun 11, 2025 3:27:27 AM org.atmosphere.cpr.AtmosphereFramework newAInterceptor
INFO: 	org.atmosphere.interceptor.CorsInterceptor : CORS Interceptor Support
Jun 11, 2025 3:27:27 AM org.atmosphere.cpr.AtmosphereFramework newAInterceptor
INFO: 	org.atmosphere.interceptor.CacheHeadersInterceptor : Default Response's Headers Interceptor
Jun 11, 2025 3:27:27 AM org.atmosphere.cpr.AtmosphereFramework newAInterceptor
INFO: 	org.atmosphere.interceptor.PaddingAtmosphereInterceptor : Browser Padding Interceptor Support
Jun 11, 2025 3:27:27 AM org.atmosphere.cpr.AtmosphereFramework newAInterceptor
INFO: 	org.atmosphere.interceptor.AndroidAtmosphereInterceptor : Android Interceptor Support
Jun 11, 2025 3:27:27 AM org.atmosphere.cpr.AtmosphereFramework configureAtmosphereInterceptor
INFO: Dropping Interceptor org.atmosphere.interceptor.HeartbeatInterceptor
Jun 11, 2025 3:27:27 AM org.atmosphere.cpr.AtmosphereFramework newAInterceptor
INFO: 	org.atmosphere.interceptor.SSEAtmosphereInterceptor : SSE Interceptor Support
Jun 11, 2025 3:27:27 AM org.atmosphere.cpr.AtmosphereFramework newAInterceptor
INFO: 	org.atmosphere.interceptor.JSONPAtmosphereInterceptor : JSONP Interceptor Support
Jun 11, 2025 3:27:27 AM org.atmosphere.cpr.AtmosphereFramework newAInterceptor
INFO: 	org.atmosphere.interceptor.JavaScriptProtocol : Atmosphere JavaScript Protocol
Jun 11, 2025 3:27:27 AM org.atmosphere.cpr.AtmosphereFramework newAInterceptor
INFO: 	org.atmosphere.interceptor.WebSocketMessageSuspendInterceptor : org.atmosphere.interceptor.WebSocketMessageSuspendInterceptor
Jun 11, 2025 3:27:27 AM org.atmosphere.cpr.AtmosphereFramework newAInterceptor
INFO: 	org.atmosphere.interceptor.OnDisconnectInterceptor : Browser disconnection detection
Jun 11, 2025 3:27:27 AM org.atmosphere.cpr.AtmosphereFramework newAInterceptor
INFO: 	org.atmosphere.interceptor.IdleResourceInterceptor : org.atmosphere.interceptor.IdleResourceInterceptor
Jun 11, 2025 3:27:27 AM org.atmosphere.cpr.AtmosphereFramework configureAtmosphereInterceptor
INFO: Set org.atmosphere.cpr.AtmosphereInterceptor.disableDefaults to disable them.
Jun 11, 2025 3:27:27 AM org.atmosphere.cpr.AtmosphereFramework info
INFO: Using EndpointMapper class org.atmosphere.util.DefaultEndpointMapper
Jun 11, 2025 3:27:27 AM org.atmosphere.cpr.AtmosphereFramework info
INFO: Using BroadcasterCache: org.atmosphere.cache.UUIDBroadcasterCache
Jun 11, 2025 3:27:27 AM org.atmosphere.cpr.AtmosphereFramework info
INFO: Default Broadcaster Class: org.atmosphere.cpr.DefaultBroadcaster
Jun 11, 2025 3:27:27 AM org.atmosphere.cpr.AtmosphereFramework info
INFO: Broadcaster Polling Wait Time 100
Jun 11, 2025 3:27:27 AM org.atmosphere.cpr.AtmosphereFramework info
INFO: Shared ExecutorService supported: true
Jun 11, 2025 3:27:27 AM org.atmosphere.cpr.AtmosphereFramework info
INFO: Messaging Thread Pool Size: Unlimited
Jun 11, 2025 3:27:27 AM org.atmosphere.cpr.AtmosphereFramework info
INFO: Async I/O Thread Pool Size: 200
Jun 11, 2025 3:27:27 AM org.atmosphere.cpr.AtmosphereFramework info
INFO: Using BroadcasterFactory: org.atmosphere.cpr.DefaultBroadcasterFactory
Jun 11, 2025 3:27:27 AM org.atmosphere.cpr.AtmosphereFramework info
INFO: Using WebSocketProcessor: org.atmosphere.websocket.DefaultWebSocketProcessor
Jun 11, 2025 3:27:27 AM org.atmosphere.cpr.AtmosphereFramework info
INFO: Invoke AtmosphereInterceptor on WebSocket message true
Jun 11, 2025 3:27:27 AM org.atmosphere.cpr.AtmosphereFramework info
INFO: HttpSession supported: true
Jun 11, 2025 3:27:27 AM org.atmosphere.cpr.AtmosphereFramework info
INFO: Atmosphere is using DefaultAtmosphereObjectFactory for dependency injection and object creation
Jun 11, 2025 3:27:27 AM org.atmosphere.cpr.AtmosphereFramework info
INFO: Atmosphere is using async support: org.atmosphere.container.JSR356AsyncSupport running under container: Apache Tomcat/10.1.41 using jakarta.servlet/3.0 and jsr356/WebSocket API
Jun 11, 2025 3:27:27 AM org.atmosphere.cpr.AtmosphereFramework info
INFO: Atmosphere Framework 2.2.13.vaadin1 started.
Jun 11, 2025 3:27:27 AM org.atmosphere.cpr.AtmosphereFramework interceptor
INFO: Installed AtmosphereInterceptor  Track Message Size Interceptor using | with priority BEFORE_DEFAULT 
11-Jun-2025 03:27:27.359 INFO [main] org.apache.catalina.startup.HostConfig.deployWAR Deployment of web application archive [/c2id-server/tomcat/webapps/oidc-client.war] has finished in [1,054] ms
11-Jun-2025 03:27:27.360 INFO [main] org.apache.catalina.startup.HostConfig.deployWAR Deploying web application archive [/c2id-server/tomcat/webapps/c2id-login.war]
11-Jun-2025 03:27:28.484 INFO [main] org.apache.jasper.servlet.TldScanner.scanJars At least one JAR was scanned for TLDs yet contained no TLDs. Enable debug logging for this logger for a complete list of JARs that were scanned but no TLDs were found in them. Skipping unneeded JARs during scanning can improve startup time and JSP compilation time.

                                  _   ___  _     _
                                 | | |__ \(_)   | |
   ___ ___  _ __  _ __   ___  ___| |_   ) )_  __| |
  / __/ _ \| '_ \| '_ \ / _ \/ __| __| / /| |/ _` |
 | (_| (_) | | | | | | |  __/ (__| |_ / /_| | (_| |
  \___\___/|_| |_|_| |_|\___|\___|\__|____|_|\__,_|  Login  (v3.4.5-migrated-1.0.9)

2025-06-11 03:27:29.366  INFO 1 --- [           main] com.nimbusds.login.C2idLogin             : Starting C2idLogin v3.4.5-migrated-1.0.9 using Java 17.0.15 on f55a499f4a76 with PID 1 (/c2id-server/tomcat/webapps/c2id-login/WEB-INF/classes started by root in /)
2025-06-11 03:27:29.369  INFO 1 --- [           main] com.nimbusds.login.C2idLogin             : The following profiles are active: prod
2025-06-11 03:27:31.007  INFO 1 --- [           main] com.nimbusds.login.C2idLogin             : Started C2idLogin in 2.306 seconds (JVM running for 33.125)
11-Jun-2025 03:27:31.019 INFO [main] org.apache.catalina.startup.HostConfig.deployWAR Deployment of web application archive [/c2id-server/tomcat/webapps/c2id-login.war] has finished in [3,659] ms
11-Jun-2025 03:27:31.020 INFO [main] org.apache.catalina.startup.HostConfig.deployDirectory Deploying web application directory [/c2id-server/tomcat/webapps/ROOT]
11-Jun-2025 03:27:31.063 INFO [main] org.apache.catalina.startup.HostConfig.deployDirectory Deployment of web application directory [/c2id-server/tomcat/webapps/ROOT] has finished in [42] ms
11-Jun-2025 03:27:31.063 INFO [main] org.apache.catalina.startup.HostConfig.deployDirectory Deploying web application directory [/c2id-server/tomcat/webapps/host-manager]
11-Jun-2025 03:27:31.101 INFO [main] org.apache.catalina.startup.HostConfig.deployDirectory Deployment of web application directory [/c2id-server/tomcat/webapps/host-manager] has finished in [38] ms
11-Jun-2025 03:27:31.102 INFO [main] org.apache.catalina.startup.HostConfig.deployDirectory Deploying web application directory [/c2id-server/tomcat/webapps/manager]
11-Jun-2025 03:27:31.131 INFO [main] org.apache.catalina.startup.HostConfig.deployDirectory Deployment of web application directory [/c2id-server/tomcat/webapps/manager] has finished in [28] ms
11-Jun-2025 03:27:31.138 INFO [main] org.apache.coyote.AbstractProtocol.start Starting ProtocolHandler ["http-nio-8080"]
11-Jun-2025 03:27:31.155 INFO [main] org.apache.catalina.startup.Catalina.start Server startup in [32448] milliseconds
